Assembler report for soc_system
Mon Mar 07 16:00:03 2016
Quartus Prime Version 15.1.0 Build 185 10/21/2015 SJ Lite Edition


---------------------
; Table of Contents ;
---------------------
  1. Legal Notice
  2. Assembler Summary
  3. Assembler Settings
  4. Assembler Encrypted IP Cores Summary
  5. Assembler Generated Files
  6. Assembler Device Options: C:/Users/Royai_2/Documents/College/Senior Project/Altera_Karaoke_DE1_Quartus_15_1_v1_1/soc_system.sof
  7. Assembler Messages



----------------
; Legal Notice ;
----------------
Copyright (C) 1991-2015 Altera Corporation. All rights reserved.
Your use of Altera Corporation's design tools, logic functions 
and other software and tools, and its AMPP partner logic 
functions, and any output files from any of the foregoing 
(including device programming or simulation files), and any 
associated documentation or information are expressly subject 
to the terms and conditions of the Altera Program License 
Subscription Agreement, the Altera Quartus Prime License Agreement,
the Altera MegaCore Function License Agreement, or other 
applicable license agreement, including, without limitation, 
that your use is for the sole purpose of programming logic 
devices manufactured by Altera and sold by Altera or its 
authorized distributors.  Please refer to the applicable 
agreement for further details.



+---------------------------------------------------------------+
; Assembler Summary                                             ;
+-----------------------+---------------------------------------+
; Assembler Status      ; Successful - Mon Mar 07 16:00:02 2016 ;
; Revision Name         ; soc_system                            ;
; Top-level Entity Name ; Altera_Karaoke_DE1_Quartus_15_1       ;
; Family                ; Cyclone V                             ;
; Device                ; 5CSEMA5F31C6                          ;
+-----------------------+---------------------------------------+


+----------------------------------+
; Assembler Settings               ;
+--------+---------+---------------+
; Option ; Setting ; Default Value ;
+--------+---------+---------------+


+------------------------------------------------+
; Assembler Encrypted IP Cores Summary           ;
+--------+------------------------+--------------+
; Vendor ; IP Core Name           ; License Type ;
+--------+------------------------+--------------+
; Altera ; Signal Tap (6AF7 BCE1) ; Licensed     ;
; Altera ; Signal Tap (6AF7 BCEC) ; Licensed     ;
+--------+------------------------+--------------+


+-------------------------------------------------------------------------------------------------------+
; Assembler Generated Files                                                                             ;
+-------------------------------------------------------------------------------------------------------+
; File Name                                                                                             ;
+-------------------------------------------------------------------------------------------------------+
; C:/Users/Royai_2/Documents/College/Senior Project/Altera_Karaoke_DE1_Quartus_15_1_v1_1/soc_system.sof ;
+-------------------------------------------------------------------------------------------------------+


+---------------------------------------------------------------------------------------------------------------------------------+
; Assembler Device Options: C:/Users/Royai_2/Documents/College/Senior Project/Altera_Karaoke_DE1_Quartus_15_1_v1_1/soc_system.sof ;
+----------------+----------------------------------------------------------------------------------------------------------------+
; Option         ; Setting                                                                                                        ;
+----------------+----------------------------------------------------------------------------------------------------------------+
; Device         ; 5CSEMA5F31C6                                                                                                   ;
; JTAG usercode  ; 0x02A3820E                                                                                                     ;
; Checksum       ; 0x02A3820E                                                                                                     ;
+----------------+----------------------------------------------------------------------------------------------------------------+


+--------------------+
; Assembler Messages ;
+--------------------+
Info: *******************************************************************
Info: Running Quartus Prime Assembler
    Info: Version 15.1.0 Build 185 10/21/2015 SJ Lite Edition
    Info: Processing started: Mon Mar 07 15:58:28 2016
Info: Command: quartus_asm --read_settings_files=off --write_settings_files=off soc_system -c soc_system
Info (115030): Assembler is generating device programming files
Info (11878): Hard Processor Subsystem configuration has not changed and a Preloader software update is not required
Info: Quartus Prime Assembler was successful. 0 errors, 0 warnings
    Info: Peak virtual memory: 995 megabytes
    Info: Processing ended: Mon Mar 07 16:00:05 2016
    Info: Elapsed time: 00:01:37
    Info: Total CPU time (on all processors): 00:00:53


