IP Upgrade report for soc_system
Sun Feb 28 14:54:30 2016
Quartus Prime Version 15.1.0 Build 185 10/21/2015 SJ Lite Edition


---------------------
; Table of Contents ;
---------------------
  1. Legal Notice
  2. IP Upgrade Summary
  3. Successfully Upgraded IP Components
  4. IP Upgrade Messages



----------------
; Legal Notice ;
----------------
Copyright (C) 1991-2015 Altera Corporation. All rights reserved.
Your use of Altera Corporation's design tools, logic functions 
and other software and tools, and its AMPP partner logic 
functions, and any output files from any of the foregoing 
(including device programming or simulation files), and any 
associated documentation or information are expressly subject 
to the terms and conditions of the Altera Program License 
Subscription Agreement, the Altera Quartus Prime License Agreement,
the Altera MegaCore Function License Agreement, or other 
applicable license agreement, including, without limitation, 
that your use is for the sole purpose of programming logic 
devices manufactured by Altera and sold by Altera or its 
authorized distributors.  Please refer to the applicable 
agreement for further details.



+----------------------------------------------------------------------------+
; IP Upgrade Summary                                                         ;
+------------------------------+---------------------------------------------+
; IP Components Upgrade Status ; Passed - Sun Feb 28 14:54:30 2016           ;
; Quartus Prime Version        ; 15.1.0 Build 185 10/21/2015 SJ Lite Edition ;
; Revision Name                ; soc_system                                  ;
; Top-level Entity Name        ; ghrd_top                                    ;
; Family                       ; Cyclone V                                   ;
+------------------------------+---------------------------------------------+


+-----------------------------------------------------------------------------------------------------------------------------------------------------------------------------+
; Successfully Upgraded IP Components                                                                                                                                         ;
+-------------+------------------------------+---------+-------------------------------------+--------------------------------+-------------------------------------+---------+
; Entity Name ; Component Name               ; Version ; Original Source File                ; Generation File Path           ; New Source File                     ; Message ;
+-------------+------------------------------+---------+-------------------------------------+--------------------------------+-------------------------------------+---------+
; soc_system  ; Qsys                         ; 13.1    ; soc_system/synthesis/soc_system.qip ; soc_system.qsys                ; soc_system/synthesis/soc_system.qip ;         ;
; hps_reset   ; In-System Sources and Probes ; 13.1    ; ip/altsource_probe/hps_reset.qip    ; ip/altsource_probe/hps_reset.v ; ip/altsource_probe/hps_reset.qip    ;         ;
+-------------+------------------------------+---------+-------------------------------------+--------------------------------+-------------------------------------+---------+


+---------------------+
; IP Upgrade Messages ;
+---------------------+
Info (11902): Backing up file "soc_system.qsys" to "soc_system.BAK.qsys"
Info (11902): Backing up file "soc_system/synthesis/soc_system.v" to "soc_system.BAK.v"
Info (11837): Started upgrading IP component Qsys with file "soc_system.qsys"
Info: 2016.02.28.14:38:35 Info: Starting to upgrade the IP cores in the Qsys system
Info: 2016.02.28.14:38:36 Info: Finished upgrading the ip cores
Info: 2016.02.28.14:40:41 Info: Saving generation log to C:/Users/Royai_2/Documents/College/Senior Project/de1_soc_GHRD/soc_system
Info: 2016.02.28.14:40:41 Info: Starting: Create simulation model
Info: 2016.02.28.14:40:41 Info: qsys-generate "C:\Users\Royai_2\Documents\College\Senior Project\de1_soc_GHRD\soc_system.qsys" --simulation=VERILOG --output-directory="C:\Users\Royai_2\Documents\College\Senior Project\de1_soc_GHRD\soc_system\simulation" --family="Cyclone V" --part=5CSEMA5F31C6
Info: 2016.02.28.14:40:42 Info: Loading de1_soc_GHRD
Info: 2016.02.28.14:40:43 Info: Reading input file
Info: 2016.02.28.14:40:43 Info: Adding button_pio [altera_avalon_pio 15.1]
Info: 2016.02.28.14:40:43 Info: Parameterizing module button_pio
Info: 2016.02.28.14:40:43 Info: Adding clk_0 [clock_source 15.1]
Info: 2016.02.28.14:40:43 Info: Parameterizing module clk_0
Info: 2016.02.28.14:40:43 Info: Adding dipsw_pio [altera_avalon_pio 15.1]
Info: 2016.02.28.14:40:43 Info: Parameterizing module dipsw_pio
Info: 2016.02.28.14:40:43 Info: Adding hps_0 [altera_hps 15.1]
Info: 2016.02.28.14:40:43 Info: Parameterizing module hps_0
Info: 2016.02.28.14:40:43 Info: Adding intr_capturer_0 [intr_capturer 100.99.98.97]
Info: 2016.02.28.14:40:43 Info: Parameterizing module intr_capturer_0
Info: 2016.02.28.14:40:43 Info: Adding jtag_uart [altera_avalon_jtag_uart 15.1]
Info: 2016.02.28.14:40:43 Info: Parameterizing module jtag_uart
Info: 2016.02.28.14:40:43 Info: Adding led_pio [altera_avalon_pio 15.1]
Info: 2016.02.28.14:40:43 Info: Parameterizing module led_pio
Info: 2016.02.28.14:40:43 Info: Adding master_non_sec [altera_jtag_avalon_master 15.1]
Info: 2016.02.28.14:40:43 Info: Parameterizing module master_non_sec
Info: 2016.02.28.14:40:43 Info: Adding master_secure [altera_jtag_avalon_master 15.1]
Info: 2016.02.28.14:40:43 Info: Parameterizing module master_secure
Info: 2016.02.28.14:40:43 Info: Adding onchip_memory2_0 [altera_avalon_onchip_memory2 15.1]
Info: 2016.02.28.14:40:43 Info: Parameterizing module onchip_memory2_0
Info: 2016.02.28.14:40:43 Info: Adding sysid_qsys [altera_avalon_sysid_qsys 15.1]
Info: 2016.02.28.14:40:43 Info: Parameterizing module sysid_qsys
Info: 2016.02.28.14:40:43 Info: Building connections
Info: 2016.02.28.14:40:43 Info: Parameterizing connections
Info: 2016.02.28.14:40:43 Info: Validating
Info: 2016.02.28.14:41:06 Info: Done reading input file
Info: 2016.02.28.14:41:14 Info: soc_system.button_pio: PIO inputs are not hardwired in test bench. Undefined values will be read from PIO inputs during simulation.
Info: 2016.02.28.14:41:14 Info: soc_system.dipsw_pio: PIO inputs are not hardwired in test bench. Undefined values will be read from PIO inputs during simulation.
Info: 2016.02.28.14:41:14 Info: soc_system.hps_0: HPS Main PLL counter settings: n = 0  m = 73
Info: 2016.02.28.14:41:14 Info: soc_system.hps_0: HPS peripherial PLL counter settings: n = 0  m = 39
Warning: 2016.02.28.14:41:14 Warning: soc_system.hps_0: "QSPI clock frequency" (desired_qspi_clk_mhz) requested 400.0 MHz, but only achieved 370.0 MHz
Warning: 2016.02.28.14:41:14 Warning: soc_system.hps_0: 1 or more output clock frequencies cannot be achieved precisely, consider revising desired output clock frequencies.
Info: 2016.02.28.14:41:14 Info: soc_system.sysid_qsys: System ID is not assigned automatically. Edit the System ID parameter to provide a unique ID
Info: 2016.02.28.14:41:14 Info: soc_system.sysid_qsys: Time stamp will be automatically updated when this component is generated.
Info: 2016.02.28.14:41:29 Info: soc_system: Generating soc_system "soc_system" for SIM_VERILOG
Info: 2016.02.28.14:42:10 Info: Interconnect is inserted between master master_secure.master and slave hps_0.f2h_axi_slave because the master is of type avalon and the slave is of type axi.
Warning: 2016.02.28.14:42:11 Warning: hps_0.f2h_irq0: Cannot connect clock for irq_mapper.sender
Warning: 2016.02.28.14:42:11 Warning: hps_0.f2h_irq0: Cannot connect reset for irq_mapper.sender
Warning: 2016.02.28.14:42:11 Warning: hps_0.f2h_irq1: Cannot connect clock for irq_mapper_001.sender
Warning: 2016.02.28.14:42:11 Warning: hps_0.f2h_irq1: Cannot connect reset for irq_mapper_001.sender
Info: 2016.02.28.14:42:30 Info: button_pio: Starting RTL generation for module 'soc_system_button_pio'
Info: 2016.02.28.14:42:30 Info: button_pio:   Generation command is [exec C:/altera/15.1/quartus/bin64/perl/bin/perl.exe -I C:/altera/15.1/quartus/bin64/perl/lib -I C:/altera/15.1/quartus/sopc_builder/bin/europa -I C:/altera/15.1/quartus/sopc_builder/bin/perl_lib -I C:/altera/15.1/quartus/sopc_builder/bin -I C:/altera/15.1/quartus/../ip/altera/sopc_builder_ip/common -I C:/altera/15.1/quartus/../ip/altera/sopc_builder_ip/altera_avalon_pio -- C:/altera/15.1/quartus/../ip/altera/sopc_builder_ip/altera_avalon_pio/generate_rtl.pl --name=soc_system_button_pio --dir=C:/Users/Royai_2/AppData/Local/Temp/alt6859_1002434332797973512.dir/0001_button_pio_gen/ --quartus_dir=C:/altera/15.1/quartus --verilog --config=C:/Users/Royai_2/AppData/Local/Temp/alt6859_1002434332797973512.dir/0001_button_pio_gen//soc_system_button_pio_component_configuration.pl  --do_build_sim=1    --sim_dir=C:/Users/Royai_2/AppData/Local/Temp/alt6859_1002434332797973512.dir/0001_button_pio_gen
Info: 2016.02.28.14:42:37 Info: button_pio: Done RTL generation for module 'soc_system_button_pio'
Info: 2016.02.28.14:42:37 Info: button_pio: "soc_system" instantiated altera_avalon_pio "button_pio"
Info: 2016.02.28.14:42:37 Info: dipsw_pio: Starting RTL generation for module 'soc_system_dipsw_pio'
Info: 2016.02.28.14:42:37 Info: dipsw_pio:   Generation command is [exec C:/altera/15.1/quartus/bin64/perl/bin/perl.exe -I C:/altera/15.1/quartus/bin64/perl/lib -I C:/altera/15.1/quartus/sopc_builder/bin/europa -I C:/altera/15.1/quartus/sopc_builder/bin/perl_lib -I C:/altera/15.1/quartus/sopc_builder/bin -I C:/altera/15.1/quartus/../ip/altera/sopc_builder_ip/common -I C:/altera/15.1/quartus/../ip/altera/sopc_builder_ip/altera_avalon_pio -- C:/altera/15.1/quartus/../ip/altera/sopc_builder_ip/altera_avalon_pio/generate_rtl.pl --name=soc_system_dipsw_pio --dir=C:/Users/Royai_2/AppData/Local/Temp/alt6859_1002434332797973512.dir/0002_dipsw_pio_gen/ --quartus_dir=C:/altera/15.1/quartus --verilog --config=C:/Users/Royai_2/AppData/Local/Temp/alt6859_1002434332797973512.dir/0002_dipsw_pio_gen//soc_system_dipsw_pio_component_configuration.pl  --do_build_sim=1    --sim_dir=C:/Users/Royai_2/AppData/Local/Temp/alt6859_1002434332797973512.dir/0002_dipsw_pio_gen
Info: 2016.02.28.14:42:38 Info: dipsw_pio: Done RTL generation for module 'soc_system_dipsw_pio'
Info: 2016.02.28.14:42:38 Info: dipsw_pio: "soc_system" instantiated altera_avalon_pio "dipsw_pio"
Info: 2016.02.28.14:42:38 Info: hps_0: "Running  for module: hps_0"
Info: 2016.02.28.14:42:40 Info: hps_0: HPS Main PLL counter settings: n = 0  m = 73
Info: 2016.02.28.14:42:42 Info: hps_0: HPS peripherial PLL counter settings: n = 0  m = 39
Warning: 2016.02.28.14:42:42 Warning: hps_0: "QSPI clock frequency" (desired_qspi_clk_mhz) requested 400.0 MHz, but only achieved 370.0 MHz
Warning: 2016.02.28.14:42:42 Warning: hps_0: 1 or more output clock frequencies cannot be achieved precisely, consider revising desired output clock frequencies.
Info: 2016.02.28.14:42:46 Info: hps_0: "soc_system" instantiated altera_hps "hps_0"
Info: 2016.02.28.14:42:47 Info: intr_capturer_0: "soc_system" instantiated intr_capturer "intr_capturer_0"
Info: 2016.02.28.14:42:47 Info: jtag_uart: Starting RTL generation for module 'soc_system_jtag_uart'
Info: 2016.02.28.14:42:47 Info: jtag_uart:   Generation command is [exec C:/altera/15.1/quartus/bin64/perl/bin/perl.exe -I C:/altera/15.1/quartus/bin64/perl/lib -I C:/altera/15.1/quartus/sopc_builder/bin/europa -I C:/altera/15.1/quartus/sopc_builder/bin/perl_lib -I C:/altera/15.1/quartus/sopc_builder/bin -I C:/altera/15.1/quartus/../ip/altera/sopc_builder_ip/common -I C:/altera/15.1/quartus/../ip/altera/sopc_builder_ip/altera_avalon_jtag_uart -- C:/altera/15.1/quartus/../ip/altera/sopc_builder_ip/altera_avalon_jtag_uart/generate_rtl.pl --name=soc_system_jtag_uart --dir=C:/Users/Royai_2/AppData/Local/Temp/alt6859_1002434332797973512.dir/0004_jtag_uart_gen/ --quartus_dir=C:/altera/15.1/quartus --verilog --config=C:/Users/Royai_2/AppData/Local/Temp/alt6859_1002434332797973512.dir/0004_jtag_uart_gen//soc_system_jtag_uart_component_configuration.pl  --do_build_sim=1    --sim_dir=C:/Users/Royai_2/AppData/Local/Temp/alt6859_1002434332797973512.dir/0004_jtag_uart_gen
Info: 2016.02.28.14:42:49 Info: jtag_uart: Done RTL generation for module 'soc_system_jtag_uart'
Info: 2016.02.28.14:42:49 Info: jtag_uart: "soc_system" instantiated altera_avalon_jtag_uart "jtag_uart"
Info: 2016.02.28.14:42:49 Info: led_pio: Starting RTL generation for module 'soc_system_led_pio'
Info: 2016.02.28.14:42:49 Info: led_pio:   Generation command is [exec C:/altera/15.1/quartus/bin64/perl/bin/perl.exe -I C:/altera/15.1/quartus/bin64/perl/lib -I C:/altera/15.1/quartus/sopc_builder/bin/europa -I C:/altera/15.1/quartus/sopc_builder/bin/perl_lib -I C:/altera/15.1/quartus/sopc_builder/bin -I C:/altera/15.1/quartus/../ip/altera/sopc_builder_ip/common -I C:/altera/15.1/quartus/../ip/altera/sopc_builder_ip/altera_avalon_pio -- C:/altera/15.1/quartus/../ip/altera/sopc_builder_ip/altera_avalon_pio/generate_rtl.pl --name=soc_system_led_pio --dir=C:/Users/Royai_2/AppData/Local/Temp/alt6859_1002434332797973512.dir/0005_led_pio_gen/ --quartus_dir=C:/altera/15.1/quartus --verilog --config=C:/Users/Royai_2/AppData/Local/Temp/alt6859_1002434332797973512.dir/0005_led_pio_gen//soc_system_led_pio_component_configuration.pl  --do_build_sim=1    --sim_dir=C:/Users/Royai_2/AppData/Local/Temp/alt6859_1002434332797973512.dir/0005_led_pio_gen
Info: 2016.02.28.14:42:49 Info: led_pio: Done RTL generation for module 'soc_system_led_pio'
Info: 2016.02.28.14:42:49 Info: led_pio: "soc_system" instantiated altera_avalon_pio "led_pio"
Info: 2016.02.28.14:42:51 Info: master_non_sec: "soc_system" instantiated altera_jtag_avalon_master "master_non_sec"
Info: 2016.02.28.14:42:51 Info: onchip_memory2_0: Starting RTL generation for module 'soc_system_onchip_memory2_0'
Info: 2016.02.28.14:42:51 Info: onchip_memory2_0:   Generation command is [exec C:/altera/15.1/quartus/bin64/perl/bin/perl.exe -I C:/altera/15.1/quartus/bin64/perl/lib -I C:/altera/15.1/quartus/sopc_builder/bin/europa -I C:/altera/15.1/quartus/sopc_builder/bin/perl_lib -I C:/altera/15.1/quartus/sopc_builder/bin -I C:/altera/15.1/quartus/../ip/altera/sopc_builder_ip/common -I C:/altera/15.1/quartus/../ip/altera/sopc_builder_ip/altera_avalon_onchip_memory2 -- C:/altera/15.1/quartus/../ip/altera/sopc_builder_ip/altera_avalon_onchip_memory2/generate_rtl.pl --name=soc_system_onchip_memory2_0 --dir=C:/Users/Royai_2/AppData/Local/Temp/alt6859_1002434332797973512.dir/0006_onchip_memory2_0_gen/ --quartus_dir=C:/altera/15.1/quartus --verilog --config=C:/Users/Royai_2/AppData/Local/Temp/alt6859_1002434332797973512.dir/0006_onchip_memory2_0_gen//soc_system_onchip_memory2_0_component_configuration.pl  --do_build_sim=1    --sim_dir=C:/Users/Royai_2/AppData/Local/Temp/alt6859_1002434332797973512.dir/0006_onchip_memory2_0_gen
Info: 2016.02.28.14:42:53 Info: onchip_memory2_0: Done RTL generation for module 'soc_system_onchip_memory2_0'
Info: 2016.02.28.14:42:53 Info: onchip_memory2_0: "soc_system" instantiated altera_avalon_onchip_memory2 "onchip_memory2_0"
Info: 2016.02.28.14:42:53 Info: sysid_qsys: Generating Verilog simulation model
Warning: 2016.02.28.14:45:17 Warning: Parallel compilation is not licensed and has been disabled
Info: 2016.02.28.14:45:17 Info: sysid_qsys: Generated simulation model soc_system_sysid_qsys.vo
Info: 2016.02.28.14:45:17 Info: sysid_qsys: "soc_system" instantiated altera_avalon_sysid_qsys "sysid_qsys"
Info: 2016.02.28.14:45:23 Info: avalon_st_adapter: Inserting error_adapter: error_adapter_0
Info: 2016.02.28.14:45:23 Info: avalon_st_adapter_001: Inserting error_adapter: error_adapter_0
Info: 2016.02.28.14:45:24 Info: avalon_st_adapter_002: Inserting error_adapter: error_adapter_0
Info: 2016.02.28.14:45:24 Info: avalon_st_adapter_003: Inserting error_adapter: error_adapter_0
Info: 2016.02.28.14:45:26 Info: avalon_st_adapter_004: Inserting error_adapter: error_adapter_0
Info: 2016.02.28.14:45:27 Info: avalon_st_adapter_005: Inserting error_adapter: error_adapter_0
Info: 2016.02.28.14:45:27 Info: avalon_st_adapter_006: Inserting error_adapter: error_adapter_0
Info: 2016.02.28.14:45:33 Info: mm_interconnect_0: "soc_system" instantiated altera_mm_interconnect "mm_interconnect_0"
Info: 2016.02.28.14:45:35 Info: mm_interconnect_1: "soc_system" instantiated altera_mm_interconnect "mm_interconnect_1"
Info: 2016.02.28.14:45:35 Info: irq_mapper: "soc_system" instantiated altera_irq_mapper "irq_mapper"
Info: 2016.02.28.14:45:35 Info: irq_mapper_001: "soc_system" instantiated altera_irq_mapper "irq_mapper_001"
Info: 2016.02.28.14:45:35 Info: rst_controller: "soc_system" instantiated altera_reset_controller "rst_controller"
Info: 2016.02.28.14:45:38 Info: fpga_interfaces: "hps_0" instantiated altera_interface_generator "fpga_interfaces"
Info: 2016.02.28.14:45:39 Info: hps_io: "hps_0" instantiated altera_hps_io "hps_io"
Info: 2016.02.28.14:45:41 Info: jtag_phy_embedded_in_jtag_master: "master_non_sec" instantiated altera_jtag_dc_streaming "jtag_phy_embedded_in_jtag_master"
Info: 2016.02.28.14:45:42 Info: timing_adt: "master_non_sec" instantiated timing_adapter "timing_adt"
Info: 2016.02.28.14:45:42 Info: fifo: "master_non_sec" instantiated altera_avalon_sc_fifo "fifo"
Info: 2016.02.28.14:45:42 Info: b2p: "master_non_sec" instantiated altera_avalon_st_bytes_to_packets "b2p"
Info: 2016.02.28.14:45:42 Info: p2b: "master_non_sec" instantiated altera_avalon_st_packets_to_bytes "p2b"
Info: 2016.02.28.14:45:42 Info: transacto: "master_non_sec" instantiated altera_avalon_packets_to_master "transacto"
Info: 2016.02.28.14:45:43 Info: b2p_adapter: "master_non_sec" instantiated channel_adapter "b2p_adapter"
Info: 2016.02.28.14:45:43 Info: p2b_adapter: "master_non_sec" instantiated channel_adapter "p2b_adapter"
Info: 2016.02.28.14:45:43 Info: master_non_sec_master_translator: "mm_interconnect_0" instantiated altera_merlin_master_translator "master_non_sec_master_translator"
Info: 2016.02.28.14:45:43 Info: onchip_memory2_0_s1_translator: "mm_interconnect_0" instantiated altera_merlin_slave_translator "onchip_memory2_0_s1_translator"
Info: 2016.02.28.14:45:43 Info: hps_0_h2f_axi_master_agent: "mm_interconnect_0" instantiated altera_merlin_axi_master_ni "hps_0_h2f_axi_master_agent"
Info: 2016.02.28.14:45:43 Info: master_non_sec_master_agent: "mm_interconnect_0" instantiated altera_merlin_master_agent "master_non_sec_master_agent"
Info: 2016.02.28.14:45:44 Info: onchip_memory2_0_s1_agent: "mm_interconnect_0" instantiated altera_merlin_slave_agent "onchip_memory2_0_s1_agent"
Info: 2016.02.28.14:45:44 Info: router: "mm_interconnect_0" instantiated altera_merlin_router "router"
Info: 2016.02.28.14:45:44 Info: router_002: "mm_interconnect_0" instantiated altera_merlin_router "router_002"
Info: 2016.02.28.14:45:45 Info: router_003: "mm_interconnect_0" instantiated altera_merlin_router "router_003"
Info: 2016.02.28.14:45:45 Info: router_005: "mm_interconnect_0" instantiated altera_merlin_router "router_005"
Info: 2016.02.28.14:45:45 Info: router_006: "mm_interconnect_0" instantiated altera_merlin_router "router_006"
Info: 2016.02.28.14:45:45 Info: router_007: "mm_interconnect_0" instantiated altera_merlin_router "router_007"
Info: 2016.02.28.14:45:46 Info: master_non_sec_master_limiter: "mm_interconnect_0" instantiated altera_merlin_traffic_limiter "master_non_sec_master_limiter"
Info: 2016.02.28.14:45:46 Info: Reusing file C:/Users/Royai_2/Documents/College/Senior Project/de1_soc_GHRD/soc_system/simulation/submodules
Info: 2016.02.28.14:45:46 Info: Reusing file C:/Users/Royai_2/Documents/College/Senior Project/de1_soc_GHRD/soc_system/simulation/submodules
Info: 2016.02.28.14:45:47 Info: onchip_memory2_0_s1_burst_adapter: "mm_interconnect_0" instantiated altera_merlin_burst_adapter "onchip_memory2_0_s1_burst_adapter"
Info: 2016.02.28.14:45:47 Info: Reusing file C:/Users/Royai_2/Documents/College/Senior Project/de1_soc_GHRD/soc_system/simulation/submodules
Info: 2016.02.28.14:45:47 Info: Reusing file C:/Users/Royai_2/Documents/College/Senior Project/de1_soc_GHRD/soc_system/simulation/submodules
Info: 2016.02.28.14:45:47 Info: Reusing file C:/Users/Royai_2/Documents/College/Senior Project/de1_soc_GHRD/soc_system/simulation/submodules
Info: 2016.02.28.14:45:47 Info: cmd_demux: "mm_interconnect_0" instantiated altera_merlin_demultiplexer "cmd_demux"
Info: 2016.02.28.14:45:47 Info: cmd_demux_002: "mm_interconnect_0" instantiated altera_merlin_demultiplexer "cmd_demux_002"
Info: 2016.02.28.14:45:48 Info: cmd_demux_003: "mm_interconnect_0" instantiated altera_merlin_demultiplexer "cmd_demux_003"
Info: 2016.02.28.14:45:48 Info: cmd_mux: "mm_interconnect_0" instantiated altera_merlin_multiplexer "cmd_mux"
Info: 2016.02.28.14:45:49 Info: cmd_mux_001: "mm_interconnect_0" instantiated altera_merlin_multiplexer "cmd_mux_001"
Info: 2016.02.28.14:45:49 Info: Reusing file C:/Users/Royai_2/Documents/College/Senior Project/de1_soc_GHRD/soc_system/simulation/submodules
Info: 2016.02.28.14:45:50 Info: cmd_mux_002: "mm_interconnect_0" instantiated altera_merlin_multiplexer "cmd_mux_002"
Info: 2016.02.28.14:45:50 Info: Reusing file C:/Users/Royai_2/Documents/College/Senior Project/de1_soc_GHRD/soc_system/simulation/submodules
Info: 2016.02.28.14:45:50 Info: rsp_demux: "mm_interconnect_0" instantiated altera_merlin_demultiplexer "rsp_demux"
Info: 2016.02.28.14:45:51 Info: rsp_demux_001: "mm_interconnect_0" instantiated altera_merlin_demultiplexer "rsp_demux_001"
Info: 2016.02.28.14:45:51 Info: rsp_demux_002: "mm_interconnect_0" instantiated altera_merlin_demultiplexer "rsp_demux_002"
Info: 2016.02.28.14:45:51 Info: rsp_mux: "mm_interconnect_0" instantiated altera_merlin_multiplexer "rsp_mux"
Info: 2016.02.28.14:45:51 Info: Reusing file C:/Users/Royai_2/Documents/College/Senior Project/de1_soc_GHRD/soc_system/simulation/submodules
Info: 2016.02.28.14:45:52 Info: rsp_mux_002: "mm_interconnect_0" instantiated altera_merlin_multiplexer "rsp_mux_002"
Info: 2016.02.28.14:45:52 Info: Reusing file C:/Users/Royai_2/Documents/College/Senior Project/de1_soc_GHRD/soc_system/simulation/submodules
Info: 2016.02.28.14:45:52 Info: rsp_mux_003: "mm_interconnect_0" instantiated altera_merlin_multiplexer "rsp_mux_003"
Info: 2016.02.28.14:45:52 Info: Reusing file C:/Users/Royai_2/Documents/College/Senior Project/de1_soc_GHRD/soc_system/simulation/submodules
Info: 2016.02.28.14:45:52 Info: hps_0_h2f_axi_master_wr_to_onchip_memory2_0_s1_cmd_width_adapter: "mm_interconnect_0" instantiated altera_merlin_width_adapter "hps_0_h2f_axi_master_wr_to_onchip_memory2_0_s1_cmd_width_adapter"
Info: 2016.02.28.14:45:52 Info: Reusing file C:/Users/Royai_2/Documents/College/Senior Project/de1_soc_GHRD/soc_system/simulation/submodules
Info: 2016.02.28.14:45:52 Info: Reusing file C:/Users/Royai_2/Documents/College/Senior Project/de1_soc_GHRD/soc_system/simulation/submodules
Info: 2016.02.28.14:45:53 Info: avalon_st_adapter: "mm_interconnect_0" instantiated altera_avalon_st_adapter "avalon_st_adapter"
Info: 2016.02.28.14:45:54 Info: avalon_st_adapter_001: "mm_interconnect_0" instantiated altera_avalon_st_adapter "avalon_st_adapter_001"
Info: 2016.02.28.14:45:54 Info: hps_0_f2h_axi_slave_agent: "mm_interconnect_1" instantiated altera_merlin_axi_slave_ni "hps_0_f2h_axi_slave_agent"
Info: 2016.02.28.14:45:54 Info: Reusing file C:/Users/Royai_2/Documents/College/Senior Project/de1_soc_GHRD/soc_system/simulation/submodules
Info: 2016.02.28.14:45:54 Info: Reusing file C:/Users/Royai_2/Documents/College/Senior Project/de1_soc_GHRD/soc_system/simulation/submodules
Info: 2016.02.28.14:45:54 Info: Reusing file C:/Users/Royai_2/Documents/College/Senior Project/de1_soc_GHRD/soc_system/simulation/submodules
Info: 2016.02.28.14:45:54 Info: router: "mm_interconnect_1" instantiated altera_merlin_router "router"
Info: 2016.02.28.14:45:55 Info: router_001: "mm_interconnect_1" instantiated altera_merlin_router "router_001"
Info: 2016.02.28.14:45:55 Info: cmd_demux: "mm_interconnect_1" instantiated altera_merlin_demultiplexer "cmd_demux"
Info: 2016.02.28.14:45:55 Info: cmd_mux: "mm_interconnect_1" instantiated altera_merlin_multiplexer "cmd_mux"
Info: 2016.02.28.14:45:55 Info: Reusing file C:/Users/Royai_2/Documents/College/Senior Project/de1_soc_GHRD/soc_system/simulation/submodules
Info: 2016.02.28.14:45:56 Info: rsp_demux: "mm_interconnect_1" instantiated altera_merlin_demultiplexer "rsp_demux"
Info: 2016.02.28.14:45:56 Info: rsp_mux: "mm_interconnect_1" instantiated altera_merlin_multiplexer "rsp_mux"
Info: 2016.02.28.14:45:56 Info: Reusing file C:/Users/Royai_2/Documents/College/Senior Project/de1_soc_GHRD/soc_system/simulation/submodules
Info: 2016.02.28.14:45:57 Info: border: "hps_io" instantiated altera_interface_generator "border"
Info: 2016.02.28.14:45:57 Info: Reusing file C:/Users/Royai_2/Documents/College/Senior Project/de1_soc_GHRD/soc_system/simulation/submodules
Info: 2016.02.28.14:45:57 Info: Reusing file C:/Users/Royai_2/Documents/College/Senior Project/de1_soc_GHRD/soc_system/simulation/submodules
Info: 2016.02.28.14:45:57 Info: Reusing file C:/Users/Royai_2/Documents/College/Senior Project/de1_soc_GHRD/soc_system/simulation/submodules
Info: 2016.02.28.14:45:57 Info: Reusing file C:/Users/Royai_2/Documents/College/Senior Project/de1_soc_GHRD/soc_system/simulation/submodules
Info: 2016.02.28.14:45:57 Info: Reusing file C:/Users/Royai_2/Documents/College/Senior Project/de1_soc_GHRD/soc_system/simulation/submodules
Info: 2016.02.28.14:45:57 Info: Reusing file C:/Users/Royai_2/Documents/College/Senior Project/de1_soc_GHRD/soc_system/simulation/submodules
Info: 2016.02.28.14:45:57 Info: Reusing file C:/Users/Royai_2/Documents/College/Senior Project/de1_soc_GHRD/soc_system/simulation/submodules
Info: 2016.02.28.14:45:57 Info: error_adapter_0: "avalon_st_adapter" instantiated error_adapter "error_adapter_0"
Info: 2016.02.28.14:45:57 Info: error_adapter_0: "avalon_st_adapter_001" instantiated error_adapter "error_adapter_0"
Info: 2016.02.28.14:45:57 Info: soc_system: Done "soc_system" with 63 modules, 99 files
Info: 2016.02.28.14:45:58 Info: qsys-generate succeeded.
Info: 2016.02.28.14:45:58 Info: Finished: Create simulation model
Info: 2016.02.28.14:45:58 Info: Starting: Create Modelsim Project.
Info: 2016.02.28.14:45:58 Info: Doing: ip-make-simscript --spd=C:\Users\Royai_2\Documents\College\Senior Project\de1_soc_GHRD\soc_system\soc_system.spd --output-directory=C:/Users/Royai_2/Documents/College/Senior Project/de1_soc_GHRD/soc_system/simulation
Info: 2016.02.28.14:46:36 Info: Generating the following file(s) for MODELSIM simulator in C:/Users/Royai_2/Documents/College/Senior Project/de1_soc_GHRD/soc_system/simulation
Info: 2016.02.28.14:46:36 Info:     mentor
Info: 2016.02.28.14:46:36 Info: Generating the following file(s) for VCS simulator in C:/Users/Royai_2/Documents/College/Senior Project/de1_soc_GHRD/soc_system/simulation
Info: 2016.02.28.14:46:36 Info:     synopsys/vcs
Info: 2016.02.28.14:46:36 Info: Generating the following file(s) for VCSMX simulator in C:/Users/Royai_2/Documents/College/Senior Project/de1_soc_GHRD/soc_system/simulation
Info: 2016.02.28.14:46:36 Info:     synopsys/vcsmx
Info: 2016.02.28.14:46:36 Info:     synopsys/vcsmx
Info: 2016.02.28.14:46:37 Info: Generating the following file(s) for NCSIM simulator in C:/Users/Royai_2/Documents/College/Senior Project/de1_soc_GHRD/soc_system/simulation
Info: 2016.02.28.14:46:37 Info:     cadence
Info: 2016.02.28.14:46:38 Info:     cadence
Info: 2016.02.28.14:46:38 Info:     cadence
Info: 2016.02.28.14:46:38 Info:     57 .cds.lib files in cadence/cds_libs
Info: 2016.02.28.14:46:38 Info: Generating the following file(s) for RIVIERA simulator in C:/Users/Royai_2/Documents/College/Senior Project/de1_soc_GHRD/soc_system/simulation
Info: 2016.02.28.14:46:38 Info:     aldec
Info: 2016.02.28.14:46:38 Info: For information on how to simulate your IP, see the explanatory comments in the simulator-specific subdirectories under C:/Users/Royai_2/Documents/College/Senior Project/de1_soc_GHRD/soc_system/simulation
Info: 2016.02.28.14:46:38 Info: Finished: Create Modelsim Project.
Info: 2016.02.28.14:46:38 Info: Starting: Create block symbol file (.bsf)
Info: 2016.02.28.14:46:38 Info: qsys-generate "C:\Users\Royai_2\Documents\College\Senior Project\de1_soc_GHRD\soc_system.qsys" --block-symbol-file --output-directory="C:\Users\Royai_2\Documents\College\Senior Project\de1_soc_GHRD\soc_system" --family="Cyclone V" --part=5CSEMA5F31C6
Info: 2016.02.28.14:46:38 Info: Loading de1_soc_GHRD
Info: 2016.02.28.14:46:40 Info: Reading input file
Info: 2016.02.28.14:46:40 Info: Adding button_pio [altera_avalon_pio 15.1]
Info: 2016.02.28.14:46:40 Info: Parameterizing module button_pio
Info: 2016.02.28.14:46:40 Info: Adding clk_0 [clock_source 15.1]
Info: 2016.02.28.14:46:40 Info: Parameterizing module clk_0
Info: 2016.02.28.14:46:40 Info: Adding dipsw_pio [altera_avalon_pio 15.1]
Info: 2016.02.28.14:46:40 Info: Parameterizing module dipsw_pio
Info: 2016.02.28.14:46:40 Info: Adding hps_0 [altera_hps 15.1]
Info: 2016.02.28.14:46:40 Info: Parameterizing module hps_0
Info: 2016.02.28.14:46:40 Info: Adding intr_capturer_0 [intr_capturer 100.99.98.97]
Info: 2016.02.28.14:46:40 Info: Parameterizing module intr_capturer_0
Info: 2016.02.28.14:46:40 Info: Adding jtag_uart [altera_avalon_jtag_uart 15.1]
Info: 2016.02.28.14:46:40 Info: Parameterizing module jtag_uart
Info: 2016.02.28.14:46:40 Info: Adding led_pio [altera_avalon_pio 15.1]
Info: 2016.02.28.14:46:40 Info: Parameterizing module led_pio
Info: 2016.02.28.14:46:40 Info: Adding master_non_sec [altera_jtag_avalon_master 15.1]
Info: 2016.02.28.14:46:40 Info: Parameterizing module master_non_sec
Info: 2016.02.28.14:46:40 Info: Adding master_secure [altera_jtag_avalon_master 15.1]
Info: 2016.02.28.14:46:40 Info: Parameterizing module master_secure
Info: 2016.02.28.14:46:40 Info: Adding onchip_memory2_0 [altera_avalon_onchip_memory2 15.1]
Info: 2016.02.28.14:46:40 Info: Parameterizing module onchip_memory2_0
Info: 2016.02.28.14:46:40 Info: Adding sysid_qsys [altera_avalon_sysid_qsys 15.1]
2016.02.28.14:46:40 Info: Parameterizing module sysid_qsys
2016.02.28.14:46:40 Info: Building connections
2016.02.28.14:46:40 Info: Parameterizing connections
Info: 2016.02.28.14:46:40 Info: Validating
Info: 2016.02.28.14:47:05 Info: Done reading input file
Info: 2016.02.28.14:47:11 Info: soc_system.button_pio: PIO inputs are not hardwired in test bench. Undefined values will be read from PIO inputs during simulation.
Info: 2016.02.28.14:47:11 Info: soc_system.dipsw_pio: PIO inputs are not hardwired in test bench. Undefined values will be read from PIO inputs during simulation.
Info: 2016.02.28.14:47:11 Info: soc_system.hps_0: HPS Main PLL counter settings: n = 0  m = 73
Info: 2016.02.28.14:47:11 Info: soc_system.hps_0: HPS peripherial PLL counter settings: n = 0  m = 39
Warning: 2016.02.28.14:47:11 Warning: soc_system.hps_0: "QSPI clock frequency" (desired_qspi_clk_mhz) requested 400.0 MHz, but only achieved 370.0 MHz
Warning: 2016.02.28.14:47:11 Warning: soc_system.hps_0: 1 or more output clock frequencies cannot be achieved precisely, consider revising desired output clock frequencies.
Info: 2016.02.28.14:47:11 Info: soc_system.sysid_qsys: System ID is not assigned automatically. Edit the System ID parameter to provide a unique ID
Info: 2016.02.28.14:47:11 Info: soc_system.sysid_qsys: Time stamp will be automatically updated when this component is generated.
Info: 2016.02.28.14:47:39 Info: qsys-generate succeeded.
Info: 2016.02.28.14:47:39 Info: Finished: Create block symbol file (.bsf)
Info: 2016.02.28.14:47:39 Info:
Info: 2016.02.28.14:47:39 Info: Starting: Create HDL design files for synthesis
Info: 2016.02.28.14:47:39 Info: qsys-generate "C:\Users\Royai_2\Documents\College\Senior Project\de1_soc_GHRD\soc_system.qsys" --synthesis=VERILOG --output-directory="C:\Users\Royai_2\Documents\College\Senior Project\de1_soc_GHRD\soc_system\synthesis" --family="Cyclone V" --part=5CSEMA5F31C6
Info: 2016.02.28.14:47:39 Info: Loading de1_soc_GHRD
Info: 2016.02.28.14:47:39 Info: Reading input file
Info: 2016.02.28.14:47:39 Info: Adding button_pio [altera_avalon_pio 15.1]
Info: 2016.02.28.14:47:39 Info: Parameterizing module button_pio
Info: 2016.02.28.14:47:39 Info: Adding clk_0 [clock_source 15.1]
Info: 2016.02.28.14:47:39 Info: Parameterizing module clk_0
Info: 2016.02.28.14:47:39 Info: Adding dipsw_pio [altera_avalon_pio 15.1]
Info: 2016.02.28.14:47:39 Info: Parameterizing module dipsw_pio
Info: 2016.02.28.14:47:39 Info: Adding hps_0 [altera_hps 15.1]
Info: 2016.02.28.14:47:39 Info: Parameterizing module hps_0
Info: 2016.02.28.14:47:39 Info: Adding intr_capturer_0 [intr_capturer 100.99.98.97]
Info: 2016.02.28.14:47:39 Info: Parameterizing module intr_capturer_0
Info: 2016.02.28.14:47:39 Info: Adding jtag_uart [altera_avalon_jtag_uart 15.1]
Info: 2016.02.28.14:47:39 Info: Parameterizing module jtag_uart
Info: 2016.02.28.14:47:39 Info: Adding led_pio [altera_avalon_pio 15.1]
Info: 2016.02.28.14:47:39 Info: Parameterizing module led_pio
Info: 2016.02.28.14:47:39 Info: Adding master_non_sec [altera_jtag_avalon_master 15.1]
Info: 2016.02.28.14:47:39 Info: Parameterizing module master_non_sec
Info: 2016.02.28.14:47:39 Info: Adding master_secure [altera_jtag_avalon_master 15.1]
Info: 2016.02.28.14:47:39 Info: Parameterizing module master_secure
Info: 2016.02.28.14:47:39 Info: Adding onchip_memory2_0 [altera_avalon_onchip_memory2 15.1]
Info: 2016.02.28.14:47:39 Info: Parameterizing module onchip_memory2_0
Info: 2016.02.28.14:47:39 Info: Adding sysid_qsys [altera_avalon_sysid_qsys 15.1]
Info: 2016.02.28.14:47:39 Info: Parameterizing module sysid_qsys
Info: 2016.02.28.14:47:39 Info: Building connections
Info: 2016.02.28.14:47:39 Info: Parameterizing connections
2016.02.28.14:47:39 Info: Validating
Info: 2016.02.28.14:48:01 Info: Done reading input file
Info: 2016.02.28.14:48:08 Info: soc_system.button_pio: PIO inputs are not hardwired in test bench. Undefined values will be read from PIO inputs during simulation.
Info: 2016.02.28.14:48:08 Info: soc_system.dipsw_pio: PIO inputs are not hardwired in test bench. Undefined values will be read from PIO inputs during simulation.
Info: 2016.02.28.14:48:08 Info: soc_system.hps_0: HPS Main PLL counter settings: n = 0  m = 73
Info: 2016.02.28.14:48:08 Info: soc_system.hps_0: HPS peripherial PLL counter settings: n = 0  m = 39
Warning: 2016.02.28.14:48:08 Warning: soc_system.hps_0: "QSPI clock frequency" (desired_qspi_clk_mhz) requested 400.0 MHz, but only achieved 370.0 MHz
Warning: 2016.02.28.14:48:08 Warning: soc_system.hps_0: 1 or more output clock frequencies cannot be achieved precisely, consider revising desired output clock frequencies.
Info: 2016.02.28.14:48:08 Info: soc_system.sysid_qsys: System ID is not assigned automatically. Edit the System ID parameter to provide a unique ID
Info: 2016.02.28.14:48:08 Info: soc_system.sysid_qsys: Time stamp will be automatically updated when this component is generated.
Info: 2016.02.28.14:48:24 Info: soc_system: Generating soc_system "soc_system" for QUARTUS_SYNTH
Info: 2016.02.28.14:48:38 Info: Interconnect is inserted between master master_secure.master and slave hps_0.f2h_axi_slave because the master is of type avalon and the slave is of type axi.
Warning: 2016.02.28.14:48:39 Warning: hps_0.f2h_irq0: Cannot connect clock for irq_mapper.sender
Warning: 2016.02.28.14:48:39 Warning: hps_0.f2h_irq0: Cannot connect reset for irq_mapper.sender
Warning: 2016.02.28.14:48:39 Warning: hps_0.f2h_irq1: Cannot connect clock for irq_mapper_001.sender
Warning: 2016.02.28.14:48:39 Warning: hps_0.f2h_irq1: Cannot connect reset for irq_mapper_001.sender
Info: 2016.02.28.14:48:52 Info: button_pio: Starting RTL generation for module 'soc_system_button_pio'
Info: 2016.02.28.14:48:52 Info: button_pio:   Generation command is [exec C:/altera/15.1/quartus/bin64/perl/bin/perl.exe -I C:/altera/15.1/quartus/bin64/perl/lib -I C:/altera/15.1/quartus/sopc_builder/bin/europa -I C:/altera/15.1/quartus/sopc_builder/bin/perl_lib -I C:/altera/15.1/quartus/sopc_builder/bin -I C:/altera/15.1/quartus/../ip/altera/sopc_builder_ip/common -I C:/altera/15.1/quartus/../ip/altera/sopc_builder_ip/altera_avalon_pio -- C:/altera/15.1/quartus/../ip/altera/sopc_builder_ip/altera_avalon_pio/generate_rtl.pl --name=soc_system_button_pio --dir=C:/Users/Royai_2/AppData/Local/Temp/alt6859_1002434332797973512.dir/0054_button_pio_gen/ --quartus_dir=C:/altera/15.1/quartus --verilog --config=C:/Users/Royai_2/AppData/Local/Temp/alt6859_1002434332797973512.dir/0054_button_pio_gen/
Info: 2016.02.28.14:48:55 Info: button_pio: Done RTL generation for module 'soc_system_button_pio'
Info: 2016.02.28.14:48:55 Info: button_pio: "soc_system" instantiated altera_avalon_pio "button_pio"
Info: 2016.02.28.14:48:55 Info: dipsw_pio: Starting RTL generation for module 'soc_system_dipsw_pio'
Info: 2016.02.28.14:48:55 Info: dipsw_pio:   Generation command is [exec C:/altera/15.1/quartus/bin64/perl/bin/perl.exe -I C:/altera/15.1/quartus/bin64/perl/lib -I C:/altera/15.1/quartus/sopc_builder/bin/europa -I C:/altera/15.1/quartus/sopc_builder/bin/perl_lib -I C:/altera/15.1/quartus/sopc_builder/bin -I C:/altera/15.1/quartus/../ip/altera/sopc_builder_ip/common -I C:/altera/15.1/quartus/../ip/altera/sopc_builder_ip/altera_avalon_pio -- C:/altera/15.1/quartus/../ip/altera/sopc_builder_ip/altera_avalon_pio/generate_rtl.pl --name=soc_system_dipsw_pio --dir=C:/Users/Royai_2/AppData/Local/Temp/alt6859_1002434332797973512.dir/0055_dipsw_pio_gen/ --quartus_dir=C:/altera/15.1/quartus --verilog --config=C:/Users/Royai_2/AppData/Local/Temp/alt6859_1002434332797973512.dir/0055_dipsw_pio_gen/
Info: 2016.02.28.14:48:56 Info: dipsw_pio: Done RTL generation for module 'soc_system_dipsw_pio'
Info: 2016.02.28.14:48:56 Info: dipsw_pio: "soc_system" instantiated altera_avalon_pio "dipsw_pio"
Info: 2016.02.28.14:48:56 Info: hps_0: "Running  for module: hps_0"
Info: 2016.02.28.14:48:58 Info: hps_0: HPS Main PLL counter settings: n = 0  m = 73
Info: 2016.02.28.14:48:59 Info: hps_0: HPS peripherial PLL counter settings: n = 0  m = 39
Warning: 2016.02.28.14:48:59 Warning: hps_0: "QSPI clock frequency" (desired_qspi_clk_mhz) requested 400.0 MHz, but only achieved 370.0 MHz
Warning: 2016.02.28.14:48:59 Warning: hps_0: 1 or more output clock frequencies cannot be achieved precisely, consider revising desired output clock frequencies.
Info: 2016.02.28.14:49:02 Info: hps_0: "soc_system" instantiated altera_hps "hps_0"
Info: 2016.02.28.14:49:02 Info: intr_capturer_0: "soc_system" instantiated intr_capturer "intr_capturer_0"
Info: 2016.02.28.14:49:02 Info: jtag_uart: Starting RTL generation for module 'soc_system_jtag_uart'
Info: 2016.02.28.14:49:02 Info: jtag_uart:   Generation command is [exec C:/altera/15.1/quartus/bin64/perl/bin/perl.exe -I C:/altera/15.1/quartus/bin64/perl/lib -I C:/altera/15.1/quartus/sopc_builder/bin/europa -I C:/altera/15.1/quartus/sopc_builder/bin/perl_lib -I C:/altera/15.1/quartus/sopc_builder/bin -I C:/altera/15.1/quartus/../ip/altera/sopc_builder_ip/common -I C:/altera/15.1/quartus/../ip/altera/sopc_builder_ip/altera_avalon_jtag_uart -- C:/altera/15.1/quartus/../ip/altera/sopc_builder_ip/altera_avalon_jtag_uart/generate_rtl.pl --name=soc_system_jtag_uart --dir=C:/Users/Royai_2/AppData/Local/Temp/alt6859_1002434332797973512.dir/0057_jtag_uart_gen/ --quartus_dir=C:/altera/15.1/quartus --verilog --config=C:/Users/Royai_2/AppData/Local/Temp/alt6859_1002434332797973512.dir/0057_jtag_uart_gen/
Info: 2016.02.28.14:49:03 Info: jtag_uart: Done RTL generation for module 'soc_system_jtag_uart'
Info: 2016.02.28.14:49:04 Info: jtag_uart: "soc_system" instantiated altera_avalon_jtag_uart "jtag_uart"
Info: 2016.02.28.14:49:04 Info: led_pio: Starting RTL generation for module 'soc_system_led_pio'
Info: 2016.02.28.14:49:04 Info: led_pio:   Generation command is [exec C:/altera/15.1/quartus/bin64/perl/bin/perl.exe -I C:/altera/15.1/quartus/bin64/perl/lib -I C:/altera/15.1/quartus/sopc_builder/bin/europa -I C:/altera/15.1/quartus/sopc_builder/bin/perl_lib -I C:/altera/15.1/quartus/sopc_builder/bin -I C:/altera/15.1/quartus/../ip/altera/sopc_builder_ip/common -I C:/altera/15.1/quartus/../ip/altera/sopc_builder_ip/altera_avalon_pio -- C:/altera/15.1/quartus/../ip/altera/sopc_builder_ip/altera_avalon_pio/generate_rtl.pl --name=soc_system_led_pio --dir=C:/Users/Royai_2/AppData/Local/Temp/alt6859_1002434332797973512.dir/0058_led_pio_gen/ --quartus_dir=C:/altera/15.1/quartus --verilog --config=C:/Users/Royai_2/AppData/Local/Temp/alt6859_1002434332797973512.dir/0058_led_pio_gen/
Info: 2016.02.28.14:49:04 Info: led_pio: Done RTL generation for module 'soc_system_led_pio'
Info: 2016.02.28.14:49:04 Info: led_pio: "soc_system" instantiated altera_avalon_pio "led_pio"
Info: 2016.02.28.14:49:05 Info: master_non_sec: "soc_system" instantiated altera_jtag_avalon_master "master_non_sec"
Info: 2016.02.28.14:49:06 Info: onchip_memory2_0: Starting RTL generation for module 'soc_system_onchip_memory2_0'
Info: 2016.02.28.14:49:06 Info: onchip_memory2_0:   Generation command is [exec C:/altera/15.1/quartus/bin64/perl/bin/perl.exe -I C:/altera/15.1/quartus/bin64/perl/lib -I C:/altera/15.1/quartus/sopc_builder/bin/europa -I C:/altera/15.1/quartus/sopc_builder/bin/perl_lib -I C:/altera/15.1/quartus/sopc_builder/bin -I C:/altera/15.1/quartus/../ip/altera/sopc_builder_ip/common -I C:/altera/15.1/quartus/../ip/altera/sopc_builder_ip/altera_avalon_onchip_memory2 -- C:/altera/15.1/quartus/../ip/altera/sopc_builder_ip/altera_avalon_onchip_memory2/generate_rtl.pl --name=soc_system_onchip_memory2_0 --dir=C:/Users/Royai_2/AppData/Local/Temp/alt6859_1002434332797973512.dir/0059_onchip_memory2_0_gen/ --quartus_dir=C:/altera/15.1/quartus --verilog --config=C:/Users/Royai_2/AppData/Local/Temp/alt6859_1002434332797973512.dir/0059_onchip_memory2_0_gen/
Info: 2016.02.28.14:49:07 Info: onchip_memory2_0: Done RTL generation for module 'soc_system_onchip_memory2_0'
Info: 2016.02.28.14:49:07 Info: onchip_memory2_0: "soc_system" instantiated altera_avalon_onchip_memory2 "onchip_memory2_0"
Info: 2016.02.28.14:49:07 Info: sysid_qsys: "soc_system" instantiated altera_avalon_sysid_qsys "sysid_qsys"
Info: 2016.02.28.14:49:13 Info: avalon_st_adapter: Inserting error_adapter: error_adapter_0
Info: 2016.02.28.14:49:15 Info: avalon_st_adapter_001: Inserting error_adapter: error_adapter_0
Info: 2016.02.28.14:49:15 Info: avalon_st_adapter_002: Inserting error_adapter: error_adapter_0
Info: 2016.02.28.14:49:15 Info: avalon_st_adapter_003: Inserting error_adapter: error_adapter_0
Info: 2016.02.28.14:49:16 Info: avalon_st_adapter_004: Inserting error_adapter: error_adapter_0
Info: 2016.02.28.14:49:16 Info: avalon_st_adapter_005: Inserting error_adapter: error_adapter_0
Info: 2016.02.28.14:49:17 Info: avalon_st_adapter_006: Inserting error_adapter: error_adapter_0
Info: 2016.02.28.14:49:21 Info: mm_interconnect_0: "soc_system" instantiated altera_mm_interconnect "mm_interconnect_0"
Info: 2016.02.28.14:49:22 Info: mm_interconnect_1: "soc_system" instantiated altera_mm_interconnect "mm_interconnect_1"
Info: 2016.02.28.14:49:22 Info: irq_mapper: "soc_system" instantiated altera_irq_mapper "irq_mapper"
Info: 2016.02.28.14:49:22 Info: irq_mapper_001: "soc_system" instantiated altera_irq_mapper "irq_mapper_001"
Info: 2016.02.28.14:49:22 Info: rst_controller: "soc_system" instantiated altera_reset_controller "rst_controller"
Info: 2016.02.28.14:49:23 Info: fpga_interfaces: "hps_0" instantiated altera_interface_generator "fpga_interfaces"
Info: 2016.02.28.14:49:25 Info: hps_io: "hps_0" instantiated altera_hps_io "hps_io"
Info: 2016.02.28.14:49:25 Info: jtag_phy_embedded_in_jtag_master: "master_non_sec" instantiated altera_jtag_dc_streaming "jtag_phy_embedded_in_jtag_master"
Info: 2016.02.28.14:49:26 Info: timing_adt: "master_non_sec" instantiated timing_adapter "timing_adt"
Info: 2016.02.28.14:49:26 Info: fifo: "master_non_sec" instantiated altera_avalon_sc_fifo "fifo"
Info: 2016.02.28.14:49:26 Info: b2p: "master_non_sec" instantiated altera_avalon_st_bytes_to_packets "b2p"
Info: 2016.02.28.14:49:26 Info: p2b: "master_non_sec" instantiated altera_avalon_st_packets_to_bytes "p2b"
Info: 2016.02.28.14:49:26 Info: transacto: "master_non_sec" instantiated altera_avalon_packets_to_master "transacto"
Info: 2016.02.28.14:49:26 Info: b2p_adapter: "master_non_sec" instantiated channel_adapter "b2p_adapter"
Info: 2016.02.28.14:49:26 Info: p2b_adapter: "master_non_sec" instantiated channel_adapter "p2b_adapter"
Info: 2016.02.28.14:49:26 Info: master_non_sec_master_translator: "mm_interconnect_0" instantiated altera_merlin_master_translator "master_non_sec_master_translator"
Info: 2016.02.28.14:49:26 Info: onchip_memory2_0_s1_translator: "mm_interconnect_0" instantiated altera_merlin_slave_translator "onchip_memory2_0_s1_translator"
Info: 2016.02.28.14:49:26 Info: hps_0_h2f_axi_master_agent: "mm_interconnect_0" instantiated altera_merlin_axi_master_ni "hps_0_h2f_axi_master_agent"
Info: 2016.02.28.14:49:26 Info: master_non_sec_master_agent: "mm_interconnect_0" instantiated altera_merlin_master_agent "master_non_sec_master_agent"
Info: 2016.02.28.14:49:26 Info: onchip_memory2_0_s1_agent: "mm_interconnect_0" instantiated altera_merlin_slave_agent "onchip_memory2_0_s1_agent"
Info: 2016.02.28.14:49:26 Info: router: "mm_interconnect_0" instantiated altera_merlin_router "router"
Info: 2016.02.28.14:49:26 Info: router_002: "mm_interconnect_0" instantiated altera_merlin_router "router_002"
Info: 2016.02.28.14:49:27 Info: router_003: "mm_interconnect_0" instantiated altera_merlin_router "router_003"
Info: 2016.02.28.14:49:27 Info: router_005: "mm_interconnect_0" instantiated altera_merlin_router "router_005"
Info: 2016.02.28.14:49:27 Info: router_006: "mm_interconnect_0" instantiated altera_merlin_router "router_006"
Info: 2016.02.28.14:49:27 Info: router_007: "mm_interconnect_0" instantiated altera_merlin_router "router_007"
Info: 2016.02.28.14:49:27 Info: master_non_sec_master_limiter: "mm_interconnect_0" instantiated altera_merlin_traffic_limiter "master_non_sec_master_limiter"
Info: 2016.02.28.14:49:28 Info: Reusing file C:/Users/Royai_2/Documents/College/Senior Project/de1_soc_GHRD/soc_system/synthesis/submodules
Info: 2016.02.28.14:49:28 Info: Reusing file C:/Users/Royai_2/Documents/College/Senior Project/de1_soc_GHRD/soc_system/synthesis/submodules
Info: 2016.02.28.14:49:28 Info: onchip_memory2_0_s1_burst_adapter: "mm_interconnect_0" instantiated altera_merlin_burst_adapter "onchip_memory2_0_s1_burst_adapter"
Info: 2016.02.28.14:49:28 Info: Reusing file C:/Users/Royai_2/Documents/College/Senior Project/de1_soc_GHRD/soc_system/synthesis/submodules
Info: 2016.02.28.14:49:28 Info: Reusing file C:/Users/Royai_2/Documents/College/Senior Project/de1_soc_GHRD/soc_system/synthesis/submodules
Info: 2016.02.28.14:49:28 Info: Reusing file C:/Users/Royai_2/Documents/College/Senior Project/de1_soc_GHRD/soc_system/synthesis/submodules
Info: 2016.02.28.14:49:28 Info: cmd_demux: "mm_interconnect_0" instantiated altera_merlin_demultiplexer "cmd_demux"
Info: 2016.02.28.14:49:29 Info: cmd_demux_002: "mm_interconnect_0" instantiated altera_merlin_demultiplexer "cmd_demux_002"
Info: 2016.02.28.14:49:29 Info: cmd_demux_003: "mm_interconnect_0" instantiated altera_merlin_demultiplexer "cmd_demux_003"
Info: 2016.02.28.14:49:30 Info: cmd_mux: "mm_interconnect_0" instantiated altera_merlin_multiplexer "cmd_mux"
Info: 2016.02.28.14:49:30 Info: cmd_mux_001: "mm_interconnect_0" instantiated altera_merlin_multiplexer "cmd_mux_001"
Info: 2016.02.28.14:49:30 Info: Reusing file C:/Users/Royai_2/Documents/College/Senior Project/de1_soc_GHRD/soc_system/synthesis/submodules
Info: 2016.02.28.14:49:30 Info: cmd_mux_002: "mm_interconnect_0" instantiated altera_merlin_multiplexer "cmd_mux_002"
Info: 2016.02.28.14:49:30 Info: Reusing file C:/Users/Royai_2/Documents/College/Senior Project/de1_soc_GHRD/soc_system/synthesis/submodules
Info: 2016.02.28.14:49:31 Info: rsp_demux: "mm_interconnect_0" instantiated altera_merlin_demultiplexer "rsp_demux"
Info: 2016.02.28.14:49:31 Info: rsp_demux_001: "mm_interconnect_0" instantiated altera_merlin_demultiplexer "rsp_demux_001"
Info: 2016.02.28.14:49:31 Info: rsp_demux_002: "mm_interconnect_0" instantiated altera_merlin_demultiplexer "rsp_demux_002"
Info: 2016.02.28.14:49:31 Info: rsp_mux: "mm_interconnect_0" instantiated altera_merlin_multiplexer "rsp_mux"
Info: 2016.02.28.14:49:31 Info: Reusing file C:/Users/Royai_2/Documents/College/Senior Project/de1_soc_GHRD/soc_system/synthesis/submodules
Info: 2016.02.28.14:49:31 Info: rsp_mux_002: "mm_interconnect_0" instantiated altera_merlin_multiplexer "rsp_mux_002"
Info: 2016.02.28.14:49:32 Info: Reusing file C:/Users/Royai_2/Documents/College/Senior Project/de1_soc_GHRD/soc_system/synthesis/submodules
Info: 2016.02.28.14:49:32 Info: rsp_mux_003: "mm_interconnect_0" instantiated altera_merlin_multiplexer "rsp_mux_003"
Info: 2016.02.28.14:49:32 Info: Reusing file C:/Users/Royai_2/Documents/College/Senior Project/de1_soc_GHRD/soc_system/synthesis/submodules
Info: 2016.02.28.14:49:32 Info: hps_0_h2f_axi_master_wr_to_onchip_memory2_0_s1_cmd_width_adapter: "mm_interconnect_0" instantiated altera_merlin_width_adapter "hps_0_h2f_axi_master_wr_to_onchip_memory2_0_s1_cmd_width_adapter"
Info: 2016.02.28.14:49:32 Info: Reusing file C:/Users/Royai_2/Documents/College/Senior Project/de1_soc_GHRD/soc_system/synthesis/submodules
Info: 2016.02.28.14:49:32 Info: Reusing file C:/Users/Royai_2/Documents/College/Senior Project/de1_soc_GHRD/soc_system/synthesis/submodules
Info: 2016.02.28.14:49:34 Info: avalon_st_adapter: "mm_interconnect_0" instantiated altera_avalon_st_adapter "avalon_st_adapter"
Info: 2016.02.28.14:49:35 Info: avalon_st_adapter_001: "mm_interconnect_0" instantiated altera_avalon_st_adapter "avalon_st_adapter_001"
Info: 2016.02.28.14:49:35 Info: hps_0_f2h_axi_slave_agent: "mm_interconnect_1" instantiated altera_merlin_axi_slave_ni "hps_0_f2h_axi_slave_agent"
Info: 2016.02.28.14:49:35 Info: Reusing file C:/Users/Royai_2/Documents/College/Senior Project/de1_soc_GHRD/soc_system/synthesis/submodules
Info: 2016.02.28.14:49:35 Info: Reusing file C:/Users/Royai_2/Documents/College/Senior Project/de1_soc_GHRD/soc_system/synthesis/submodules
Info: 2016.02.28.14:49:35 Info: Reusing file C:/Users/Royai_2/Documents/College/Senior Project/de1_soc_GHRD/soc_system/synthesis/submodules
Info: 2016.02.28.14:49:35 Info: router: "mm_interconnect_1" instantiated altera_merlin_router "router"
Info: 2016.02.28.14:49:35 Info: router_001: "mm_interconnect_1" instantiated altera_merlin_router "router_001"
Info: 2016.02.28.14:49:35 Info: cmd_demux: "mm_interconnect_1" instantiated altera_merlin_demultiplexer "cmd_demux"
Info: 2016.02.28.14:49:35 Info: cmd_mux: "mm_interconnect_1" instantiated altera_merlin_multiplexer "cmd_mux"
Info: 2016.02.28.14:49:35 Info: Reusing file C:/Users/Royai_2/Documents/College/Senior Project/de1_soc_GHRD/soc_system/synthesis/submodules
Info: 2016.02.28.14:49:35 Info: rsp_demux: "mm_interconnect_1" instantiated altera_merlin_demultiplexer "rsp_demux"
Info: 2016.02.28.14:49:36 Info: rsp_mux: "mm_interconnect_1" instantiated altera_merlin_multiplexer "rsp_mux"
Info: 2016.02.28.14:49:36 Info: Reusing file C:/Users/Royai_2/Documents/College/Senior Project/de1_soc_GHRD/soc_system/synthesis/submodules
Info: 2016.02.28.14:52:29 Info: border: "hps_io" instantiated altera_interface_generator "border"
Info: 2016.02.28.14:52:30 Info: error_adapter_0: "avalon_st_adapter" instantiated error_adapter "error_adapter_0"
Info: 2016.02.28.14:52:30 Info: error_adapter_0: "avalon_st_adapter_001" instantiated error_adapter "error_adapter_0"
Info: 2016.02.28.14:52:30 Info: soc_system: Done "soc_system" with 63 modules, 129 files
Info: 2016.02.28.14:52:37 Info: qsys-generate succeeded.
Info: 2016.02.28.14:52:37 Info: Finished: Create HDL design files for synthesis
Info (11902): Backing up file "ip/altsource_probe/hps_reset.v" to "ip/altsource_probe/hps_reset.BAK.v"
Info (11837): Started upgrading IP component In-System Sources and Probes with file "ip/altsource_probe/hps_reset.v"
Info (11131): Completed upgrading IP component Qsys with file "soc_system.qsys"
Info (11131): Completed upgrading IP component In-System Sources and Probes with file "ip/altsource_probe/hps_reset.v"
Info (23030): Evaluation of Tcl script c:/altera/15.1/quartus/common/tcl/internal/ip_regen/ip_regen.tcl was successful
Info: Quartus Prime Shell was successful. 0 errors, 24 warnings
    Info: Peak virtual memory: 677 megabytes
    Info: Processing ended: Sun Feb 28 14:55:22 2016
    Info: Elapsed time: 00:20:50
    Info: Total CPU time (on all processors): 00:13:41


