Assembler report for DE1_SOC_golden_top
Tue Mar 22 22:06:43 2016
Quartus Prime Version 15.1.0 Build 185 10/21/2015 SJ Lite Edition


---------------------
; Table of Contents ;
---------------------
  1. Legal Notice
  2. Assembler Summary
  3. Assembler Settings
  4. Assembler Encrypted IP Cores Summary
  5. Assembler Generated Files
  6. Assembler Device Options: C:/SeniorProject/DE1_Control_Panal/DE1_SOC_golden_top_time_limited.sof
  7. Assembler Messages



----------------
; Legal Notice ;
----------------
Copyright (C) 1991-2015 Altera Corporation. All rights reserved.
Your use of Altera Corporation's design tools, logic functions 
and other software and tools, and its AMPP partner logic 
functions, and any output files from any of the foregoing 
(including device programming or simulation files), and any 
associated documentation or information are expressly subject 
to the terms and conditions of the Altera Program License 
Subscription Agreement, the Altera Quartus Prime License Agreement,
the Altera MegaCore Function License Agreement, or other 
applicable license agreement, including, without limitation, 
that your use is for the sole purpose of programming logic 
devices manufactured by Altera and sold by Altera or its 
authorized distributors.  Please refer to the applicable 
agreement for further details.



+---------------------------------------------------------------+
; Assembler Summary                                             ;
+-----------------------+---------------------------------------+
; Assembler Status      ; Successful - Tue Mar 22 22:06:43 2016 ;
; Revision Name         ; DE1_SOC_golden_top                    ;
; Top-level Entity Name ; DE1_SOC_golden_top                    ;
; Family                ; Cyclone V                             ;
; Device                ; 5CSEMA5F31C6                          ;
+-----------------------+---------------------------------------+


+----------------------------------+
; Assembler Settings               ;
+--------+---------+---------------+
; Option ; Setting ; Default Value ;
+--------+---------+---------------+


+--------------------------------------------------------------+
; Assembler Encrypted IP Cores Summary                         ;
+--------+-------------------------------------+---------------+
; Vendor ; IP Core Name                        ; License Type  ;
+--------+-------------------------------------+---------------+
; Altera ; "CSC" (6AF7 0003)                   ; OpenCore Plus ;
; Altera ; Nios II Processor (6AF7 00A2)       ; OpenCore Plus ;
; Altera ; "Chroma Resampler" (6AF7 00B1)      ; OpenCore Plus ;
; Altera ; "Alpha Blending Mixer" (6AF7 00B5)  ; OpenCore Plus ;
; Altera ; "Deinterlacer" (6AF7 00B6)          ; OpenCore Plus ;
; Altera ; "Frame Buffer" (6AF7 00C3)          ; OpenCore Plus ;
; Altera ; "Clipper" (6AF7 00C8)               ; OpenCore Plus ;
; Altera ; "Color Plane Sequencer" (6AF7 00C9) ; OpenCore Plus ;
; Altera ; VIP Scaler II (6AF7 00E9)           ; OpenCore Plus ;
; Altera ; Signal Tap (6AF7 BCE1)              ; Licensed      ;
; Altera ; Signal Tap (6AF7 BCEC)              ; Licensed      ;
; Altera ; Unknown (6AF7 FFFF)                 ; Licensed      ;
+--------+-------------------------------------+---------------+


+------------------------------------------------------------------------+
; Assembler Generated Files                                              ;
+------------------------------------------------------------------------+
; File Name                                                              ;
+------------------------------------------------------------------------+
; C:/SeniorProject/DE1_Control_Panal/DE1_SOC_golden_top_time_limited.sof ;
+------------------------------------------------------------------------+


+--------------------------------------------------------------------------------------------------+
; Assembler Device Options: C:/SeniorProject/DE1_Control_Panal/DE1_SOC_golden_top_time_limited.sof ;
+----------------+---------------------------------------------------------------------------------+
; Option         ; Setting                                                                         ;
+----------------+---------------------------------------------------------------------------------+
; Device         ; 5CSEMA5F31C6                                                                    ;
; JTAG usercode  ; 0x07437502                                                                      ;
; Checksum       ; 0x07437502                                                                      ;
+----------------+---------------------------------------------------------------------------------+


+--------------------+
; Assembler Messages ;
+--------------------+
Info: *******************************************************************
Info: Running Quartus Prime Assembler
    Info: Version 15.1.0 Build 185 10/21/2015 SJ Lite Edition
    Info: Processing started: Tue Mar 22 22:04:52 2016
Info: Command: quartus_asm --read_settings_files=off --write_settings_files=off DE1_SOC_golden_top -c DE1_SOC_golden_top
Info (115030): Assembler is generating device programming files
Info (115017): Design contains a time-limited core -- only a single, time-limited programming file can be generated
Warning (210042): Can't convert time-limited SOF into POF, HEX File, TTF, or RBF
Info (210040): SRAM Object File C:/SeniorProject/DE1_Control_Panal/DE1_SOC_golden_top_time_limited.sof contains time-limited megafunction that supports OpenCore Plus feature -- Vendor: 0x6AF7, Product: 0x0003
Info (210040): SRAM Object File C:/SeniorProject/DE1_Control_Panal/DE1_SOC_golden_top_time_limited.sof contains time-limited megafunction that supports OpenCore Plus feature -- Vendor: 0x6AF7, Product: 0x00A2
Info (210040): SRAM Object File C:/SeniorProject/DE1_Control_Panal/DE1_SOC_golden_top_time_limited.sof contains time-limited megafunction that supports OpenCore Plus feature -- Vendor: 0x6AF7, Product: 0x00B1
Info (210040): SRAM Object File C:/SeniorProject/DE1_Control_Panal/DE1_SOC_golden_top_time_limited.sof contains time-limited megafunction that supports OpenCore Plus feature -- Vendor: 0x6AF7, Product: 0x00B5
Info (210040): SRAM Object File C:/SeniorProject/DE1_Control_Panal/DE1_SOC_golden_top_time_limited.sof contains time-limited megafunction that supports OpenCore Plus feature -- Vendor: 0x6AF7, Product: 0x00B6
Info (210040): SRAM Object File C:/SeniorProject/DE1_Control_Panal/DE1_SOC_golden_top_time_limited.sof contains time-limited megafunction that supports OpenCore Plus feature -- Vendor: 0x6AF7, Product: 0x00C3
Info (210040): SRAM Object File C:/SeniorProject/DE1_Control_Panal/DE1_SOC_golden_top_time_limited.sof contains time-limited megafunction that supports OpenCore Plus feature -- Vendor: 0x6AF7, Product: 0x00C8
Info (210040): SRAM Object File C:/SeniorProject/DE1_Control_Panal/DE1_SOC_golden_top_time_limited.sof contains time-limited megafunction that supports OpenCore Plus feature -- Vendor: 0x6AF7, Product: 0x00C9
Info (210040): SRAM Object File C:/SeniorProject/DE1_Control_Panal/DE1_SOC_golden_top_time_limited.sof contains time-limited megafunction that supports OpenCore Plus feature -- Vendor: 0x6AF7, Product: 0x00E9
Info (11878): Hard Processor Subsystem configuration has not changed and a Preloader software update is not required
Info: Quartus Prime Assembler was successful. 0 errors, 1 warning
    Info: Peak virtual memory: 1192 megabytes
    Info: Processing ended: Tue Mar 22 22:06:45 2016
    Info: Elapsed time: 00:01:53
    Info: Total CPU time (on all processors): 00:01:52


